<?xml version="1.0" encoding="UTF-8"?>
<!-- Generated by org.testng.reporters.JUnitReportReporter -->
<testsuite hostname="rstockham" name="voxelhashtests.RayIteratorTest" tests="1" failures="0" timestamp="5 Sep 2014 03:05:11 GMT" time="0.153" errors="0">
  <testcase name="RayIterator" time="0.153" classname="voxelhashtests.RayIteratorTest"/>
</testsuite> <!-- voxelhashtests.RayIteratorTest -->
