<?xml version="1.0" encoding="UTF-8"?>
<!-- Generated by org.testng.reporters.JUnitReportReporter -->
<testsuite hostname="rstockham" name="voxelhashtests.RayIteratorTest" tests="1" failures="0" timestamp="21 Aug 2014 02:43:56 GMT" time="0.062" errors="0">
  <testcase name="RayIterator" time="0.062" classname="voxelhashtests.RayIteratorTest"/>
</testsuite> <!-- voxelhashtests.RayIteratorTest -->
